2025-04-09T00:15:57.770-03:00  INFO 40424 --- [ibmecmall] [main] c.i.mall.ibmecmall.IbmecmallApplication  : Starting IbmecmallApplication using Java 17.0.10 with PID 40424 (C:\Users\parga\IdeaProjects\BigDataeCloud\Big Data e Cloud Computing\ibmecmall\ibmecmall\target\classes started by parga in C:\Users\parga\IdeaProjects\BigDataeCloud\Big Data e Cloud Computing\ibmecmall\ibmecmall)
2025-04-09T00:15:57.776-03:00  INFO 40424 --- [ibmecmall] [main] c.i.mall.ibmecmall.IbmecmallApplication  : No active profile set, falling back to 1 default profile: "default"
2025-04-09T00:15:58.572-03:00  INFO 40424 --- [ibmecmall] [main] .s.d.r.c.RepositoryConfigurationDelegate : Multiple Spring Data modules found, entering strict repository configuration mode
2025-04-09T00:15:58.575-03:00  INFO 40424 --- [ibmecmall] [main] .s.d.r.c.RepositoryConfigurationDelegate : Bootstrapping Spring Data JPA repositories in DEFAULT mode.
2025-04-09T00:15:58.733-03:00  INFO 40424 --- [ibmecmall] [main] .s.d.r.c.RepositoryConfigurationDelegate : Finished Spring Data repository scanning in 142 ms. Found 6 JPA repository interfaces.
2025-04-09T00:15:58.889-03:00  INFO 40424 --- [ibmecmall] [main] o.s.cloud.context.scope.GenericScope     : BeanFactory id=f7171f26-6e96-34f2-9597-58aea76d22ee
2025-04-09T00:15:59.376-03:00  INFO 40424 --- [ibmecmall] [main] o.hibernate.jpa.internal.util.LogHelper  : HHH000204: Processing PersistenceUnitInfo [name: default]
2025-04-09T00:15:59.422-03:00  INFO 40424 --- [ibmecmall] [main] org.hibernate.Version                    : HHH000412: Hibernate ORM core version 6.4.4.Final
2025-04-09T00:15:59.466-03:00  INFO 40424 --- [ibmecmall] [main] o.h.c.internal.RegionFactoryInitiator    : HHH000026: Second-level cache disabled
2025-04-09T00:15:59.686-03:00  INFO 40424 --- [ibmecmall] [main] o.s.o.j.p.SpringPersistenceUnitInfo      : No LoadTimeWeaver setup: ignoring JPA class transformer
2025-04-09T00:15:59.710-03:00  INFO 40424 --- [ibmecmall] [main] com.zaxxer.hikari.HikariDataSource       : HikariPool-1 - Starting...
2025-04-09T00:16:00.079-03:00  INFO 40424 --- [ibmecmall] [main] com.zaxxer.hikari.pool.HikariPool        : HikariPool-1 - Added connection com.mysql.cj.jdbc.ConnectionImpl@74eab077
2025-04-09T00:16:00.081-03:00  INFO 40424 --- [ibmecmall] [main] com.zaxxer.hikari.HikariDataSource       : HikariPool-1 - Start completed.
2025-04-09T00:16:00.142-03:00  WARN 40424 --- [ibmecmall] [main] org.hibernate.orm.deprecation            : HHH90000025: MySQL8Dialect does not need to be specified explicitly using 'hibernate.dialect' (remove the property setting and it will be selected by default)
2025-04-09T00:16:00.143-03:00  WARN 40424 --- [ibmecmall] [main] org.hibernate.orm.deprecation            : HHH90000026: MySQL8Dialect has been deprecated; use org.hibernate.dialect.MySQLDialect instead
2025-04-09T00:16:00.974-03:00  INFO 40424 --- [ibmecmall] [main] o.h.e.t.j.p.i.JtaPlatformInitiator       : HHH000489: No JTA platform available (set 'hibernate.transaction.jta.platform' to enable JTA platform integration)
2025-04-09T00:16:01.068-03:00  INFO 40424 --- [ibmecmall] [main] j.LocalContainerEntityManagerFactoryBean : Initialized JPA EntityManagerFactory for persistence unit 'default'
2025-04-09T00:16:01.919-03:00  INFO 40424 --- [ibmecmall] [main] o.s.c.g.r.RouteDefinitionRouteLocator    : Loaded RoutePredicateFactory [After]
2025-04-09T00:16:01.920-03:00  INFO 40424 --- [ibmecmall] [main] o.s.c.g.r.RouteDefinitionRouteLocator    : Loaded RoutePredicateFactory [Before]
2025-04-09T00:16:01.920-03:00  INFO 40424 --- [ibmecmall] [main] o.s.c.g.r.RouteDefinitionRouteLocator    : Loaded RoutePredicateFactory [Between]
2025-04-09T00:16:01.920-03:00  INFO 40424 --- [ibmecmall] [main] o.s.c.g.r.RouteDefinitionRouteLocator    : Loaded RoutePredicateFactory [Cookie]
2025-04-09T00:16:01.920-03:00  INFO 40424 --- [ibmecmall] [main] o.s.c.g.r.RouteDefinitionRouteLocator    : Loaded RoutePredicateFactory [Header]
2025-04-09T00:16:01.920-03:00  INFO 40424 --- [ibmecmall] [main] o.s.c.g.r.RouteDefinitionRouteLocator    : Loaded RoutePredicateFactory [Host]
2025-04-09T00:16:01.921-03:00  INFO 40424 --- [ibmecmall] [main] o.s.c.g.r.RouteDefinitionRouteLocator    : Loaded RoutePredicateFactory [Method]
2025-04-09T00:16:01.921-03:00  INFO 40424 --- [ibmecmall] [main] o.s.c.g.r.RouteDefinitionRouteLocator    : Loaded RoutePredicateFactory [Path]
2025-04-09T00:16:01.921-03:00  INFO 40424 --- [ibmecmall] [main] o.s.c.g.r.RouteDefinitionRouteLocator    : Loaded RoutePredicateFactory [Query]
2025-04-09T00:16:01.921-03:00  INFO 40424 --- [ibmecmall] [main] o.s.c.g.r.RouteDefinitionRouteLocator    : Loaded RoutePredicateFactory [ReadBody]
2025-04-09T00:16:01.921-03:00  INFO 40424 --- [ibmecmall] [main] o.s.c.g.r.RouteDefinitionRouteLocator    : Loaded RoutePredicateFactory [RemoteAddr]
2025-04-09T00:16:01.921-03:00  INFO 40424 --- [ibmecmall] [main] o.s.c.g.r.RouteDefinitionRouteLocator    : Loaded RoutePredicateFactory [XForwardedRemoteAddr]
2025-04-09T00:16:01.921-03:00  INFO 40424 --- [ibmecmall] [main] o.s.c.g.r.RouteDefinitionRouteLocator    : Loaded RoutePredicateFactory [Weight]
2025-04-09T00:16:01.922-03:00  INFO 40424 --- [ibmecmall] [main] o.s.c.g.r.RouteDefinitionRouteLocator    : Loaded RoutePredicateFactory [CloudFoundryRouteService]
2025-04-09T00:16:02.335-03:00  INFO 40424 --- [ibmecmall] [main] o.s.b.a.e.web.EndpointLinksResolver      : Exposing 1 endpoint(s) beneath base path '/actuator'
2025-04-09T00:16:02.901-03:00  INFO 40424 --- [ibmecmall] [main] o.s.b.web.embedded.netty.NettyWebServer  : Netty started on port 8080
2025-04-09T00:16:03.160-03:00  INFO 40424 --- [ibmecmall] [main] c.i.mall.ibmecmall.IbmecmallApplication  : Started IbmecmallApplication in 5.89 seconds (process running for 6.287)
