2025-04-05T00:03:37.698-03:00  INFO 10668 --- [ibmecmall] [main] c.i.mall.ibmecmall.IbmecmallApplication  : Starting IbmecmallApplication using Java 17.0.10 with PID 10668 (C:\Users\parga\IdeaProjects\BigDataeCloud\Big Data e Cloud Computing\ibmecmall\ibmecmall\target\classes started by parga in C:\Users\parga\IdeaProjects\BigDataeCloud\Big Data e Cloud Computing\ibmecmall\ibmecmall)
2025-04-05T00:03:37.703-03:00 DEBUG 10668 --- [ibmecmall] [main] c.i.mall.ibmecmall.IbmecmallApplication  : Running with Spring Boot v3.3.5, Spring v6.1.14
2025-04-05T00:03:37.704-03:00  INFO 10668 --- [ibmecmall] [main] c.i.mall.ibmecmall.IbmecmallApplication  : The following 1 profile is active: "dev"
2025-04-05T00:03:38.565-03:00  INFO 10668 --- [ibmecmall] [main] .s.d.r.c.RepositoryConfigurationDelegate : Bootstrapping Spring Data MongoDB repositories in DEFAULT mode.
2025-04-05T00:03:38.733-03:00  INFO 10668 --- [ibmecmall] [main] .s.d.r.c.RepositoryConfigurationDelegate : Finished Spring Data repository scanning in 162 ms. Found 3 MongoDB repository interfaces.
2025-04-05T00:03:38.882-03:00  INFO 10668 --- [ibmecmall] [main] o.s.cloud.context.scope.GenericScope     : BeanFactory id=1233f236-f736-3cce-b45c-146b581f88ae
2025-04-05T00:03:39.200-03:00  INFO 10668 --- [ibmecmall] [main] o.s.b.w.embedded.tomcat.TomcatWebServer  : Tomcat initialized with port 8080 (http)
2025-04-05T00:03:39.214-03:00  INFO 10668 --- [ibmecmall] [main] o.apache.catalina.core.StandardService   : Starting service [Tomcat]
2025-04-05T00:03:39.214-03:00  INFO 10668 --- [ibmecmall] [main] o.apache.catalina.core.StandardEngine    : Starting Servlet engine: [Apache Tomcat/10.1.31]
2025-04-05T00:03:39.289-03:00  INFO 10668 --- [ibmecmall] [main] o.a.c.c.C.[Tomcat].[localhost].[/]       : Initializing Spring embedded WebApplicationContext
2025-04-05T00:03:39.290-03:00  INFO 10668 --- [ibmecmall] [main] w.s.c.ServletWebServerApplicationContext : Root WebApplicationContext: initialization completed in 1549 ms
2025-04-05T00:03:39.581-03:00  INFO 10668 --- [ibmecmall] [main] org.mongodb.driver.client                : MongoClient with metadata {"driver": {"name": "mongo-java-driver|sync|spring-boot", "version": "5.0.1"}, "os": {"type": "Windows", "name": "Windows 11", "architecture": "amd64", "version": "10.0"}, "platform": "Java/Oracle Corporation/17.0.10+11-LTS-240"} created with settings MongoClientSettings{readPreference=primary, writeConcern=WriteConcern{w=null, wTimeout=null ms, journal=null}, retryWrites=true, retryReads=true, readConcern=ReadConcern{level=null}, credential=null, transportSettings=null, commandListeners=[io.micrometer.core.instrument.binder.mongodb.MongoMetricsCommandListener@37d0d373], codecRegistry=ProvidersCodecRegistry{codecProviders=[ValueCodecProvider{}, BsonValueCodecProvider{}, DBRefCodecProvider{}, DBObjectCodecProvider{}, DocumentCodecProvider{}, CollectionCodecProvider{}, IterableCodecProvider{}, MapCodecProvider{}, GeoJsonCodecProvider{}, GridFSFileCodecProvider{}, Jsr310CodecProvider{}, JsonObjectCodecProvider{}, BsonCodecProvider{}, EnumCodecProvider{}, com.mongodb.client.model.mql.ExpressionCodecProvider@4052913c, com.mongodb.Jep395RecordCodecProvider@99c4993, com.mongodb.KotlinCodecProvider@38089dae]}, loggerSettings=LoggerSettings{maxDocumentLength=1000}, clusterSettings={hosts=[localhost:27017], srvServiceName=mongodb, mode=SINGLE, requiredClusterType=UNKNOWN, requiredReplicaSetName='null', serverSelector='null', clusterListeners='[]', serverSelectionTimeout='30000 ms', localThreshold='15 ms'}, socketSettings=SocketSettings{connectTimeoutMS=10000, readTimeoutMS=0, receiveBufferSize=0, proxySettings=ProxySettings{host=null, port=null, username=null, password=null}}, heartbeatSocketSettings=SocketSettings{connectTimeoutMS=10000, readTimeoutMS=10000, receiveBufferSize=0, proxySettings=ProxySettings{host=null, port=null, username=null, password=null}}, connectionPoolSettings=ConnectionPoolSettings{maxSize=100, minSize=0, maxWaitTimeMS=120000, maxConnectionLifeTimeMS=0, maxConnectionIdleTimeMS=0, maintenanceInitialDelayMS=0, maintenanceFrequencyMS=60000, connectionPoolListeners=[io.micrometer.core.instrument.binder.mongodb.MongoMetricsConnectionPoolListener@9729a97], maxConnecting=2}, serverSettings=ServerSettings{heartbeatFrequencyMS=10000, minHeartbeatFrequencyMS=500, serverListeners='[]', serverMonitorListeners='[]'}, sslSettings=SslSettings{enabled=false, invalidHostNameAllowed=false, context=null}, applicationName='null', compressorList=[], uuidRepresentation=JAVA_LEGACY, serverApi=null, autoEncryptionSettings=null, dnsClient=null, inetAddressResolver=null, contextProvider=null}
2025-04-05T00:03:39.613-03:00  INFO 10668 --- [ibmecmall] [cluster-ClusterId{value='67f09d8b6af93546652c77b6', description='null'}-localhost:27017] org.mongodb.driver.cluster               : Monitor thread successfully connected to server with description ServerDescription{address=localhost:27017, type=STANDALONE, state=CONNECTED, ok=true, minWireVersion=0, maxWireVersion=25, maxDocumentSize=16777216, logicalSessionTimeoutMinutes=30, roundTripTimeNanos=30003000}
2025-04-05T00:03:39.896-03:00  WARN 10668 --- [ibmecmall] [main] ConfigServletWebServerApplicationContext : Exception encountered during context initialization - cancelling refresh attempt: org.springframework.beans.factory.BeanCreationException: Error creating bean with name 'org.springframework.cloud.gateway.config.GatewayClassPathWarningAutoConfiguration$SpringMvcFoundOnClasspathConfiguration': Failed to instantiate [org.springframework.cloud.gateway.config.GatewayClassPathWarningAutoConfiguration$SpringMvcFoundOnClasspathConfiguration]: Constructor threw exception
2025-04-05T00:03:39.900-03:00  INFO 10668 --- [ibmecmall] [main] o.apache.catalina.core.StandardService   : Stopping service [Tomcat]
2025-04-05T00:03:39.922-03:00  INFO 10668 --- [ibmecmall] [main] .s.b.a.l.ConditionEvaluationReportLogger : 

Error starting ApplicationContext. To display the condition evaluation report re-run your application with 'debug' enabled.
2025-04-05T00:03:39.940-03:00 ERROR 10668 --- [ibmecmall] [main] o.s.b.d.LoggingFailureAnalysisReporter   : 

***************************
APPLICATION FAILED TO START
***************************

Description:

Spring MVC found on classpath, which is incompatible with Spring Cloud Gateway.

Action:

Please set spring.main.web-application-type=reactive or remove spring-boot-starter-web dependency.

2025-04-05T00:03:56.346-03:00  INFO 36724 --- [ibmecmall] [main] c.i.mall.ibmecmall.IbmecmallApplication  : Starting IbmecmallApplication using Java 17.0.10 with PID 36724 (C:\Users\parga\IdeaProjects\BigDataeCloud\Big Data e Cloud Computing\ibmecmall\ibmecmall\target\classes started by parga in C:\Users\parga\IdeaProjects\BigDataeCloud\Big Data e Cloud Computing\ibmecmall\ibmecmall)
2025-04-05T00:03:56.348-03:00 DEBUG 36724 --- [ibmecmall] [main] c.i.mall.ibmecmall.IbmecmallApplication  : Running with Spring Boot v3.3.5, Spring v6.1.14
2025-04-05T00:03:56.349-03:00  INFO 36724 --- [ibmecmall] [main] c.i.mall.ibmecmall.IbmecmallApplication  : The following 1 profile is active: "dev"
2025-04-05T00:03:57.702-03:00  INFO 36724 --- [ibmecmall] [main] .s.d.r.c.RepositoryConfigurationDelegate : Bootstrapping Spring Data MongoDB repositories in DEFAULT mode.
2025-04-05T00:03:57.973-03:00  INFO 36724 --- [ibmecmall] [main] .s.d.r.c.RepositoryConfigurationDelegate : Finished Spring Data repository scanning in 266 ms. Found 3 MongoDB repository interfaces.
2025-04-05T00:03:58.154-03:00  INFO 36724 --- [ibmecmall] [main] o.s.cloud.context.scope.GenericScope     : BeanFactory id=1233f236-f736-3cce-b45c-146b581f88ae
2025-04-05T00:03:58.605-03:00  INFO 36724 --- [ibmecmall] [main] o.s.b.w.embedded.tomcat.TomcatWebServer  : Tomcat initialized with port 8080 (http)
2025-04-05T00:03:58.625-03:00  INFO 36724 --- [ibmecmall] [main] o.apache.catalina.core.StandardService   : Starting service [Tomcat]
2025-04-05T00:03:58.627-03:00  INFO 36724 --- [ibmecmall] [main] o.apache.catalina.core.StandardEngine    : Starting Servlet engine: [Apache Tomcat/10.1.31]
2025-04-05T00:03:58.709-03:00  INFO 36724 --- [ibmecmall] [main] o.a.c.c.C.[Tomcat].[localhost].[/]       : Initializing Spring embedded WebApplicationContext
2025-04-05T00:03:58.709-03:00  INFO 36724 --- [ibmecmall] [main] w.s.c.ServletWebServerApplicationContext : Root WebApplicationContext: initialization completed in 2324 ms
2025-04-05T00:03:59.080-03:00  INFO 36724 --- [ibmecmall] [main] org.mongodb.driver.client                : MongoClient with metadata {"driver": {"name": "mongo-java-driver|sync|spring-boot", "version": "5.0.1"}, "os": {"type": "Windows", "name": "Windows 11", "architecture": "amd64", "version": "10.0"}, "platform": "Java/Oracle Corporation/17.0.10+11-LTS-240"} created with settings MongoClientSettings{readPreference=primary, writeConcern=WriteConcern{w=null, wTimeout=null ms, journal=null}, retryWrites=true, retryReads=true, readConcern=ReadConcern{level=null}, credential=null, transportSettings=null, commandListeners=[io.micrometer.core.instrument.binder.mongodb.MongoMetricsCommandListener@28bf82d9], codecRegistry=ProvidersCodecRegistry{codecProviders=[ValueCodecProvider{}, BsonValueCodecProvider{}, DBRefCodecProvider{}, DBObjectCodecProvider{}, DocumentCodecProvider{}, CollectionCodecProvider{}, IterableCodecProvider{}, MapCodecProvider{}, GeoJsonCodecProvider{}, GridFSFileCodecProvider{}, Jsr310CodecProvider{}, JsonObjectCodecProvider{}, BsonCodecProvider{}, EnumCodecProvider{}, com.mongodb.client.model.mql.ExpressionCodecProvider@44ccd75c, com.mongodb.Jep395RecordCodecProvider@61a704d3, com.mongodb.KotlinCodecProvider@2120bed]}, loggerSettings=LoggerSettings{maxDocumentLength=1000}, clusterSettings={hosts=[localhost:27017], srvServiceName=mongodb, mode=SINGLE, requiredClusterType=UNKNOWN, requiredReplicaSetName='null', serverSelector='null', clusterListeners='[]', serverSelectionTimeout='30000 ms', localThreshold='15 ms'}, socketSettings=SocketSettings{connectTimeoutMS=10000, readTimeoutMS=0, receiveBufferSize=0, proxySettings=ProxySettings{host=null, port=null, username=null, password=null}}, heartbeatSocketSettings=SocketSettings{connectTimeoutMS=10000, readTimeoutMS=10000, receiveBufferSize=0, proxySettings=ProxySettings{host=null, port=null, username=null, password=null}}, connectionPoolSettings=ConnectionPoolSettings{maxSize=100, minSize=0, maxWaitTimeMS=120000, maxConnectionLifeTimeMS=0, maxConnectionIdleTimeMS=0, maintenanceInitialDelayMS=0, maintenanceFrequencyMS=60000, connectionPoolListeners=[io.micrometer.core.instrument.binder.mongodb.MongoMetricsConnectionPoolListener@566fe83c], maxConnecting=2}, serverSettings=ServerSettings{heartbeatFrequencyMS=10000, minHeartbeatFrequencyMS=500, serverListeners='[]', serverMonitorListeners='[]'}, sslSettings=SslSettings{enabled=false, invalidHostNameAllowed=false, context=null}, applicationName='null', compressorList=[], uuidRepresentation=JAVA_LEGACY, serverApi=null, autoEncryptionSettings=null, dnsClient=null, inetAddressResolver=null, contextProvider=null}
2025-04-05T00:03:59.111-03:00  INFO 36724 --- [ibmecmall] [cluster-ClusterId{value='67f09d9ebf052b1ff6c5e60d', description='null'}-localhost:27017] org.mongodb.driver.cluster               : Monitor thread successfully connected to server with description ServerDescription{address=localhost:27017, type=STANDALONE, state=CONNECTED, ok=true, minWireVersion=0, maxWireVersion=25, maxDocumentSize=16777216, logicalSessionTimeoutMinutes=30, roundTripTimeNanos=31433200}
2025-04-05T00:03:59.447-03:00  WARN 36724 --- [ibmecmall] [main] ConfigServletWebServerApplicationContext : Exception encountered during context initialization - cancelling refresh attempt: org.springframework.beans.factory.BeanCreationException: Error creating bean with name 'org.springframework.cloud.gateway.config.GatewayClassPathWarningAutoConfiguration$SpringMvcFoundOnClasspathConfiguration': Failed to instantiate [org.springframework.cloud.gateway.config.GatewayClassPathWarningAutoConfiguration$SpringMvcFoundOnClasspathConfiguration]: Constructor threw exception
2025-04-05T00:03:59.459-03:00  INFO 36724 --- [ibmecmall] [main] o.apache.catalina.core.StandardService   : Stopping service [Tomcat]
2025-04-05T00:03:59.486-03:00  INFO 36724 --- [ibmecmall] [main] .s.b.a.l.ConditionEvaluationReportLogger : 

Error starting ApplicationContext. To display the condition evaluation report re-run your application with 'debug' enabled.
2025-04-05T00:03:59.508-03:00 ERROR 36724 --- [ibmecmall] [main] o.s.b.d.LoggingFailureAnalysisReporter   : 

***************************
APPLICATION FAILED TO START
***************************

Description:

Spring MVC found on classpath, which is incompatible with Spring Cloud Gateway.

Action:

Please set spring.main.web-application-type=reactive or remove spring-boot-starter-web dependency.

