2025-04-09T14:42:18.476-03:00  INFO 24876 --- [ibmecmall] [main] c.i.mall.ibmecmall.IbmecmallApplication  : Starting IbmecmallApplication using Java 17.0.10 with PID 24876 (C:\Users\parga\IdeaProjects\BigDataeCloud\Big Data e Cloud Computing\ibmecmall\ibmecmall\target\classes started by parga in C:\Users\parga\IdeaProjects\BigDataeCloud)
2025-04-09T14:42:18.479-03:00 DEBUG 24876 --- [ibmecmall] [main] c.i.mall.ibmecmall.IbmecmallApplication  : Running with Spring Boot v3.4.3, Spring v6.2.3
2025-04-09T14:42:18.481-03:00  INFO 24876 --- [ibmecmall] [main] c.i.mall.ibmecmall.IbmecmallApplication  : No active profile set, falling back to 1 default profile: "default"
2025-04-09T14:42:19.418-03:00  INFO 24876 --- [ibmecmall] [main] .s.d.r.c.RepositoryConfigurationDelegate : Multiple Spring Data modules found, entering strict repository configuration mode
2025-04-09T14:42:19.420-03:00  INFO 24876 --- [ibmecmall] [main] .s.d.r.c.RepositoryConfigurationDelegate : Bootstrapping Spring Data JPA repositories in DEFAULT mode.
2025-04-09T14:42:19.612-03:00  INFO 24876 --- [ibmecmall] [main] .RepositoryConfigurationExtensionSupport : Spring Data JPA - Could not safely identify store assignment for repository candidate interface com.ibmec.mall.ibmecmall.repository.PedidoRepository; If you want this repository to be a JPA repository, consider annotating your entities with one of these annotations: jakarta.persistence.Entity, jakarta.persistence.MappedSuperclass (preferred), or consider extending one of the following types with your repository: org.springframework.data.jpa.repository.JpaRepository
2025-04-09T14:42:19.614-03:00  INFO 24876 --- [ibmecmall] [main] .RepositoryConfigurationExtensionSupport : Spring Data JPA - Could not safely identify store assignment for repository candidate interface com.ibmec.mall.ibmecmall.repository.ProdutoRepository; If you want this repository to be a JPA repository, consider annotating your entities with one of these annotations: jakarta.persistence.Entity, jakarta.persistence.MappedSuperclass (preferred), or consider extending one of the following types with your repository: org.springframework.data.jpa.repository.JpaRepository
2025-04-09T14:42:19.657-03:00  INFO 24876 --- [ibmecmall] [main] .s.d.r.c.RepositoryConfigurationDelegate : Finished Spring Data repository scanning in 216 ms. Found 4 JPA repository interfaces.
2025-04-09T14:42:20.399-03:00  INFO 24876 --- [ibmecmall] [main] o.s.b.w.embedded.tomcat.TomcatWebServer  : Tomcat initialized with port 8080 (http)
2025-04-09T14:42:20.416-03:00  INFO 24876 --- [ibmecmall] [main] o.apache.catalina.core.StandardService   : Starting service [Tomcat]
2025-04-09T14:42:20.417-03:00  INFO 24876 --- [ibmecmall] [main] o.apache.catalina.core.StandardEngine    : Starting Servlet engine: [Apache Tomcat/10.1.36]
2025-04-09T14:42:20.494-03:00  INFO 24876 --- [ibmecmall] [main] o.a.c.c.C.[Tomcat].[localhost].[/]       : Initializing Spring embedded WebApplicationContext
2025-04-09T14:42:20.495-03:00  INFO 24876 --- [ibmecmall] [main] w.s.c.ServletWebServerApplicationContext : Root WebApplicationContext: initialization completed in 1958 ms
2025-04-09T14:42:20.716-03:00  INFO 24876 --- [ibmecmall] [main] o.hibernate.jpa.internal.util.LogHelper  : HHH000204: Processing PersistenceUnitInfo [name: default]
2025-04-09T14:42:20.783-03:00  INFO 24876 --- [ibmecmall] [main] org.hibernate.Version                    : HHH000412: Hibernate ORM core version 6.6.8.Final
2025-04-09T14:42:20.831-03:00  INFO 24876 --- [ibmecmall] [main] o.h.c.internal.RegionFactoryInitiator    : HHH000026: Second-level cache disabled
2025-04-09T14:42:21.185-03:00  INFO 24876 --- [ibmecmall] [main] o.s.o.j.p.SpringPersistenceUnitInfo      : No LoadTimeWeaver setup: ignoring JPA class transformer
2025-04-09T14:42:21.215-03:00  INFO 24876 --- [ibmecmall] [main] com.zaxxer.hikari.HikariDataSource       : HikariPool-1 - Starting...
2025-04-09T14:42:21.508-03:00  INFO 24876 --- [ibmecmall] [main] com.zaxxer.hikari.pool.HikariPool        : HikariPool-1 - Added connection com.mysql.cj.jdbc.ConnectionImpl@22604c7e
2025-04-09T14:42:21.510-03:00  INFO 24876 --- [ibmecmall] [main] com.zaxxer.hikari.HikariDataSource       : HikariPool-1 - Start completed.
2025-04-09T14:42:21.556-03:00  WARN 24876 --- [ibmecmall] [main] org.hibernate.orm.deprecation            : HHH90000025: MySQL8Dialect does not need to be specified explicitly using 'hibernate.dialect' (remove the property setting and it will be selected by default)
2025-04-09T14:42:21.557-03:00  WARN 24876 --- [ibmecmall] [main] org.hibernate.orm.deprecation            : HHH90000026: MySQL8Dialect has been deprecated; use org.hibernate.dialect.MySQLDialect instead
2025-04-09T14:42:21.579-03:00  INFO 24876 --- [ibmecmall] [main] org.hibernate.orm.connections.pooling    : HHH10001005: Database info:
	Database JDBC URL [Connecting through datasource 'HikariDataSource (HikariPool-1)']
	Database driver: undefined/unknown
	Database version: 8.0
	Autocommit mode: undefined/unknown
	Isolation level: undefined/unknown
	Minimum pool size: undefined/unknown
	Maximum pool size: undefined/unknown
2025-04-09T14:42:22.524-03:00  INFO 24876 --- [ibmecmall] [main] o.h.e.t.j.p.i.JtaPlatformInitiator       : HHH000489: No JTA platform available (set 'hibernate.transaction.jta.platform' to enable JTA platform integration)
2025-04-09T14:42:22.595-03:00  INFO 24876 --- [ibmecmall] [main] j.LocalContainerEntityManagerFactoryBean : Initialized JPA EntityManagerFactory for persistence unit 'default'
2025-04-09T14:42:22.965-03:00  WARN 24876 --- [ibmecmall] [main] ConfigServletWebServerApplicationContext : Exception encountered during context initialization - cancelling refresh attempt: org.springframework.beans.factory.UnsatisfiedDependencyException: Error creating bean with name 'pedidoController' defined in file [C:\Users\parga\IdeaProjects\BigDataeCloud\Big Data e Cloud Computing\ibmecmall\ibmecmall\target\classes\com\ibmec\mall\ibmecmall\controller\PedidoController.class]: Unsatisfied dependency expressed through constructor parameter 0: No qualifying bean of type 'com.ibmec.mall.ibmecmall.repository.PedidoRepository' available: expected at least 1 bean which qualifies as autowire candidate. Dependency annotations: {}
2025-04-09T14:42:22.965-03:00  INFO 24876 --- [ibmecmall] [main] j.LocalContainerEntityManagerFactoryBean : Closing JPA EntityManagerFactory for persistence unit 'default'
2025-04-09T14:42:22.970-03:00  INFO 24876 --- [ibmecmall] [main] com.zaxxer.hikari.HikariDataSource       : HikariPool-1 - Shutdown initiated...
2025-04-09T14:42:22.984-03:00  INFO 24876 --- [ibmecmall] [main] com.zaxxer.hikari.HikariDataSource       : HikariPool-1 - Shutdown completed.
2025-04-09T14:42:22.986-03:00  INFO 24876 --- [ibmecmall] [main] o.apache.catalina.core.StandardService   : Stopping service [Tomcat]
2025-04-09T14:42:23.003-03:00  INFO 24876 --- [ibmecmall] [main] .s.b.a.l.ConditionEvaluationReportLogger : 

Error starting ApplicationContext. To display the condition evaluation report re-run your application with 'debug' enabled.
2025-04-09T14:42:23.030-03:00 ERROR 24876 --- [ibmecmall] [main] o.s.b.d.LoggingFailureAnalysisReporter   : 

***************************
APPLICATION FAILED TO START
***************************

Description:

Parameter 0 of constructor in com.ibmec.mall.ibmecmall.controller.PedidoController required a bean of type 'com.ibmec.mall.ibmecmall.repository.PedidoRepository' that could not be found.


Action:

Consider defining a bean of type 'com.ibmec.mall.ibmecmall.repository.PedidoRepository' in your configuration.

2025-04-09T14:43:39.903-03:00  INFO 41988 --- [ibmecmall] [main] c.i.mall.ibmecmall.IbmecmallApplication  : Starting IbmecmallApplication using Java 17.0.10 with PID 41988 (C:\Users\parga\IdeaProjects\BigDataeCloud\Big Data e Cloud Computing\ibmecmall\ibmecmall\target\classes started by parga in C:\Users\parga\IdeaProjects\BigDataeCloud)
2025-04-09T14:43:39.908-03:00 DEBUG 41988 --- [ibmecmall] [main] c.i.mall.ibmecmall.IbmecmallApplication  : Running with Spring Boot v3.4.3, Spring v6.2.3
2025-04-09T14:43:39.910-03:00  INFO 41988 --- [ibmecmall] [main] c.i.mall.ibmecmall.IbmecmallApplication  : No active profile set, falling back to 1 default profile: "default"
2025-04-09T14:43:40.870-03:00  INFO 41988 --- [ibmecmall] [main] .s.d.r.c.RepositoryConfigurationDelegate : Multiple Spring Data modules found, entering strict repository configuration mode
2025-04-09T14:43:40.873-03:00  INFO 41988 --- [ibmecmall] [main] .s.d.r.c.RepositoryConfigurationDelegate : Bootstrapping Spring Data JPA repositories in DEFAULT mode.
2025-04-09T14:43:41.027-03:00  INFO 41988 --- [ibmecmall] [main] .RepositoryConfigurationExtensionSupport : Spring Data JPA - Could not safely identify store assignment for repository candidate interface com.ibmec.mall.ibmecmall.repository.PedidoRepository; If you want this repository to be a JPA repository, consider annotating your entities with one of these annotations: jakarta.persistence.Entity, jakarta.persistence.MappedSuperclass (preferred), or consider extending one of the following types with your repository: org.springframework.data.jpa.repository.JpaRepository
2025-04-09T14:43:41.029-03:00  INFO 41988 --- [ibmecmall] [main] .RepositoryConfigurationExtensionSupport : Spring Data JPA - Could not safely identify store assignment for repository candidate interface com.ibmec.mall.ibmecmall.repository.ProdutoRepository; If you want this repository to be a JPA repository, consider annotating your entities with one of these annotations: jakarta.persistence.Entity, jakarta.persistence.MappedSuperclass (preferred), or consider extending one of the following types with your repository: org.springframework.data.jpa.repository.JpaRepository
2025-04-09T14:43:41.059-03:00  INFO 41988 --- [ibmecmall] [main] .s.d.r.c.RepositoryConfigurationDelegate : Finished Spring Data repository scanning in 165 ms. Found 4 JPA repository interfaces.
2025-04-09T14:43:41.781-03:00  INFO 41988 --- [ibmecmall] [main] o.s.b.w.embedded.tomcat.TomcatWebServer  : Tomcat initialized with port 8080 (http)
2025-04-09T14:43:41.800-03:00  INFO 41988 --- [ibmecmall] [main] o.apache.catalina.core.StandardService   : Starting service [Tomcat]
2025-04-09T14:43:41.800-03:00  INFO 41988 --- [ibmecmall] [main] o.apache.catalina.core.StandardEngine    : Starting Servlet engine: [Apache Tomcat/10.1.36]
2025-04-09T14:43:41.893-03:00  INFO 41988 --- [ibmecmall] [main] o.a.c.c.C.[Tomcat].[localhost].[/]       : Initializing Spring embedded WebApplicationContext
2025-04-09T14:43:41.894-03:00  INFO 41988 --- [ibmecmall] [main] w.s.c.ServletWebServerApplicationContext : Root WebApplicationContext: initialization completed in 1928 ms
2025-04-09T14:43:42.152-03:00  INFO 41988 --- [ibmecmall] [main] o.hibernate.jpa.internal.util.LogHelper  : HHH000204: Processing PersistenceUnitInfo [name: default]
2025-04-09T14:43:42.223-03:00  INFO 41988 --- [ibmecmall] [main] org.hibernate.Version                    : HHH000412: Hibernate ORM core version 6.6.8.Final
2025-04-09T14:43:42.282-03:00  INFO 41988 --- [ibmecmall] [main] o.h.c.internal.RegionFactoryInitiator    : HHH000026: Second-level cache disabled
2025-04-09T14:43:42.609-03:00  INFO 41988 --- [ibmecmall] [main] o.s.o.j.p.SpringPersistenceUnitInfo      : No LoadTimeWeaver setup: ignoring JPA class transformer
2025-04-09T14:43:42.638-03:00  INFO 41988 --- [ibmecmall] [main] com.zaxxer.hikari.HikariDataSource       : HikariPool-1 - Starting...
2025-04-09T14:43:42.900-03:00  INFO 41988 --- [ibmecmall] [main] com.zaxxer.hikari.pool.HikariPool        : HikariPool-1 - Added connection com.mysql.cj.jdbc.ConnectionImpl@66314fee
2025-04-09T14:43:42.904-03:00  INFO 41988 --- [ibmecmall] [main] com.zaxxer.hikari.HikariDataSource       : HikariPool-1 - Start completed.
2025-04-09T14:43:42.975-03:00  WARN 41988 --- [ibmecmall] [main] org.hibernate.orm.deprecation            : HHH90000025: MySQL8Dialect does not need to be specified explicitly using 'hibernate.dialect' (remove the property setting and it will be selected by default)
2025-04-09T14:43:42.978-03:00  WARN 41988 --- [ibmecmall] [main] org.hibernate.orm.deprecation            : HHH90000026: MySQL8Dialect has been deprecated; use org.hibernate.dialect.MySQLDialect instead
2025-04-09T14:43:43.006-03:00  INFO 41988 --- [ibmecmall] [main] org.hibernate.orm.connections.pooling    : HHH10001005: Database info:
	Database JDBC URL [Connecting through datasource 'HikariDataSource (HikariPool-1)']
	Database driver: undefined/unknown
	Database version: 8.0
	Autocommit mode: undefined/unknown
	Isolation level: undefined/unknown
	Minimum pool size: undefined/unknown
	Maximum pool size: undefined/unknown
2025-04-09T14:43:44.098-03:00  INFO 41988 --- [ibmecmall] [main] o.h.e.t.j.p.i.JtaPlatformInitiator       : HHH000489: No JTA platform available (set 'hibernate.transaction.jta.platform' to enable JTA platform integration)
2025-04-09T14:43:44.183-03:00  INFO 41988 --- [ibmecmall] [main] j.LocalContainerEntityManagerFactoryBean : Initialized JPA EntityManagerFactory for persistence unit 'default'
2025-04-09T14:43:44.563-03:00  WARN 41988 --- [ibmecmall] [main] ConfigServletWebServerApplicationContext : Exception encountered during context initialization - cancelling refresh attempt: org.springframework.beans.factory.UnsatisfiedDependencyException: Error creating bean with name 'pedidoController' defined in file [C:\Users\parga\IdeaProjects\BigDataeCloud\Big Data e Cloud Computing\ibmecmall\ibmecmall\target\classes\com\ibmec\mall\ibmecmall\controller\PedidoController.class]: Unsatisfied dependency expressed through constructor parameter 0: No qualifying bean of type 'com.ibmec.mall.ibmecmall.repository.PedidoRepository' available: expected at least 1 bean which qualifies as autowire candidate. Dependency annotations: {}
2025-04-09T14:43:44.564-03:00  INFO 41988 --- [ibmecmall] [main] j.LocalContainerEntityManagerFactoryBean : Closing JPA EntityManagerFactory for persistence unit 'default'
2025-04-09T14:43:44.567-03:00  INFO 41988 --- [ibmecmall] [main] com.zaxxer.hikari.HikariDataSource       : HikariPool-1 - Shutdown initiated...
2025-04-09T14:43:44.578-03:00  INFO 41988 --- [ibmecmall] [main] com.zaxxer.hikari.HikariDataSource       : HikariPool-1 - Shutdown completed.
2025-04-09T14:43:44.581-03:00  INFO 41988 --- [ibmecmall] [main] o.apache.catalina.core.StandardService   : Stopping service [Tomcat]
2025-04-09T14:43:44.592-03:00  INFO 41988 --- [ibmecmall] [main] .s.b.a.l.ConditionEvaluationReportLogger : 

Error starting ApplicationContext. To display the condition evaluation report re-run your application with 'debug' enabled.
2025-04-09T14:43:44.620-03:00 ERROR 41988 --- [ibmecmall] [main] o.s.b.d.LoggingFailureAnalysisReporter   : 

***************************
APPLICATION FAILED TO START
***************************

Description:

Parameter 0 of constructor in com.ibmec.mall.ibmecmall.controller.PedidoController required a bean of type 'com.ibmec.mall.ibmecmall.repository.PedidoRepository' that could not be found.


Action:

Consider defining a bean of type 'com.ibmec.mall.ibmecmall.repository.PedidoRepository' in your configuration.

